<?xml version="1.0" encoding="UTF-8" standalone="no"?>
<testsuite errors="0" failures="0" name="io.cucumber.core.plugin.JUnitFormatter" skipped="0" tests="2" time="0.274">
<testcase classname="Final Bill Calculation" name="Customer Bill Amount Calculation" time="0.085">
<system-out><![CDATA[Given I have Customer.......................................................passed
And user enter initial amount as 100........................................passed
And sales tax rate is 10 percent............................................passed
Then final bill amount calculate is 110.....................................passed
]]></system-out>
</testcase>
<testcase classname="Final Bill Calculation" name="Customer Bill Amount Calculation 2" time="0.005">
<system-out><![CDATA[Given I have Customer.......................................................passed
And user enter initial amount as 200........................................passed
And sales tax rate is 8 percent.............................................passed
Then final bill amount calculate is 216.....................................passed
]]></system-out>
</testcase>
</testsuite>
